Running: /opt/Xilinx/12.4/ISE_DS/ISE/bin/lin64/unwrapped/fuse -intstyle ise -incremental -lib unisims_ver -lib unimacro_ver -lib xilinxcorelib_ver -o /home/alberto/Documentos/ownCloud/EDC/Aula/tema2/Ejercicios/EjericiciosCasa/SistemaDigital19/SistemaDigital/test_isim_beh.exe -prj /home/alberto/Documentos/ownCloud/EDC/Aula/tema2/Ejercicios/EjericiciosCasa/SistemaDigital19/SistemaDigital/test_beh.prj work.test work.glbl 
ISim M.81d (signature 0x9ca8bed6)
Number of CPUs detected in this system: 4
Turning on mult-threading, number of parallel sub-compilation jobs: 8 
Determining compilation order of HDL files
Analyzing Verilog file \"/home/alberto/Documentos/ownCloud/EDC/Aula/tema2/Ejercicios/EjericiciosCasa/SistemaDigital19/SistemaDigital/UnidadControl.v\" into library work
Analyzing Verilog file \"/home/alberto/Documentos/ownCloud/EDC/Aula/tema2/Ejercicios/EjericiciosCasa/SistemaDigital19/SistemaDigital/SistemaDigital.v\" into library work
Analyzing Verilog file \"/home/alberto/Documentos/ownCloud/EDC/Aula/tema2/Ejercicios/EjericiciosCasa/SistemaDigital19/SistemaDigital/SD.v\" into library work
Analyzing Verilog file \"/home/alberto/Documentos/ownCloud/EDC/Aula/tema2/Ejercicios/EjericiciosCasa/SistemaDigital19/SistemaDigital/test.v\" into library work
Analyzing Verilog file \"/opt/Xilinx/12.4/ISE_DS/ISE//verilog/src/glbl.v\" into library work
Starting static elaboration
Completed static elaboration
Fuse Memory Usage: 70776 KB
Fuse CPU Usage: 110 ms
Compiling module UnidadControl
Compiling module registro1(n=8,valor=10)
Compiling module registro1(n=8,valor=20)
Compiling module registro1(n=8)
Compiling module registro2(n=8)
Compiling module tipoalu
Compiling module registro3(n=8)
Compiling module UnidadDatos
Compiling module SD
Compiling module test
Compiling module glbl
Time Resolution for simulation is 1ps.
Waiting for 4 sub-compilation(s) to finish...
Compiled 11 Verilog Units
Built simulation executable /home/alberto/Documentos/ownCloud/EDC/Aula/tema2/Ejercicios/EjericiciosCasa/SistemaDigital19/SistemaDigital/test_isim_beh.exe
Fuse Memory Usage: 630732 KB
Fuse CPU Usage: 150 ms
GCC CPU Usage: 1520 ms
